<?xml version="1.0" encoding="UTF-8"?>
<!-- Generated by org.testng.reporters.JUnitReportReporter -->
<testsuite hostname="UIO-5CG3173K84" failures="0" tests="1" name="com.java_rmi.AppTest" time="0.004" errors="0" timestamp="2023-09-19T22:49:17 CEST" skipped="0">
  <testcase classname="com.java_rmi.AppTest" name="testApp" time="0.004"/>
  <system-out/>
</testsuite> <!-- com.java_rmi.AppTest -->
